Using pre-set license
Built from '2022.3/staging' branch; Version is '2022.3.16f1 (d2c21f0ef2f1) revision 13812255'; Using compiler version '192829333'; Build Type 'Release'
OS: 'Windows 10  (10.0.19045) 64bit Professional' Language: 'ru' Physical Memory: 16122 MB
BatchMode: 1, IsHumanControllingUs: 0, StartBugReporterOnCrash: 0, Is64bit: 1, IsPro: 1

COMMAND LINE ARGUMENTS:
D:\колледж\2022.3.16f1\Editor\Unity.exe
-adb2
-batchMode
-noUpm
-name
AssetImportWorker0
-projectPath
C:/Users/Alina/Desktop/курсач/KOD
-logFile
Logs/AssetImportWorker0.log
-srvPort
65396
Successfully changed project path to: C:/Users/Alina/Desktop/курсач/KOD
C:/Users/Alina/Desktop/курсач/KOD
[UnityMemory] Configuration Parameters - Can be set up in boot.config
    "memorysetup-bucket-allocator-granularity=16"
    "memorysetup-bucket-allocator-bucket-count=8"
    "memorysetup-bucket-allocator-block-size=33554432"
    "memorysetup-bucket-allocator-block-count=8"
    "memorysetup-main-allocator-block-size=16777216"
    "memorysetup-thread-allocator-block-size=16777216"
    "memorysetup-gfx-main-allocator-block-size=16777216"
    "memorysetup-gfx-thread-allocator-block-size=16777216"
    "memorysetup-cache-allocator-block-size=4194304"
    "memorysetup-typetree-allocator-block-size=2097152"
    "memorysetup-profiler-bucket-allocator-granularity=16"
    "memorysetup-profiler-bucket-allocator-bucket-count=8"
    "memorysetup-profiler-bucket-allocator-block-size=33554432"
    "memorysetup-profiler-bucket-allocator-block-count=8"
    "memorysetup-profiler-allocator-block-size=16777216"
    "memorysetup-profiler-editor-allocator-block-size=1048576"
    "memorysetup-temp-allocator-size-main=16777216"
    "memorysetup-job-temp-allocator-block-size=2097152"
    "memorysetup-job-temp-allocator-block-size-background=1048576"
    "memorysetup-job-temp-allocator-reduction-small-platforms=262144"
    "memorysetup-allocator-temp-initial-block-size-main=262144"
    "memorysetup-allocator-temp-initial-block-size-worker=262144"
    "memorysetup-temp-allocator-size-background-worker=32768"
    "memorysetup-temp-allocator-size-job-worker=262144"
    "memorysetup-temp-allocator-size-preload-manager=33554432"
    "memorysetup-temp-allocator-size-nav-mesh-worker=65536"
    "memorysetup-temp-allocator-size-audio-worker=65536"
    "memorysetup-temp-allocator-size-cloud-worker=32768"
    "memorysetup-temp-allocator-size-gi-baking-worker=262144"
    "memorysetup-temp-allocator-size-gfx=262144"
Player connection [6184] Host "[IP] 192.168.56.1 [Port] 0 [Flags] 2 [Guid] 2169002745 [EditorId] 2169002745 [Version] 1048832 [Id] WindowsEditor(7,LAPTOP-AliNA) [Debug] 1 [PackageName] WindowsEditor [ProjectName] Editor" joined multi-casting on [225.0.0.222:54997]...

Player connection [6184] Host "[IP] 192.168.56.1 [Port] 0 [Flags] 2 [Guid] 2169002745 [EditorId] 2169002745 [Version] 1048832 [Id] WindowsEditor(7,LAPTOP-AliNA) [Debug] 1 [PackageName] WindowsEditor [ProjectName] Editor" joined alternative multi-casting on [225.0.0.222:34997]...

[Physics::Module] Initialized MultithreadedJobDispatcher with 7 workers.
Refreshing native plugins compatible for Editor in 34.56 ms, found 4 plugins.
Preloading 0 native plugins for Editor in 0.00 ms.
Initialize engine version: 2022.3.16f1 (d2c21f0ef2f1)
[Subsystems] Discovering subsystems at path D:/колледж/2022.3.16f1/Editor/Data/Resources/UnitySubsystems
[Subsystems] Discovering subsystems at path C:/Users/Alina/Desktop/курсач/KOD/Assets
GfxDevice: creating device client; threaded=0; jobified=0
Direct3D:
    Version:  Direct3D 11.0 [level 11.1]
    Renderer: Intel(R) Iris(R) Plus Graphics (ID=0x8a52)
    Vendor:   Intel
    VRAM:     8061 MB
    Driver:   30.0.100.9805
Initialize mono
Mono path[0] = 'D:/колледж/2022.3.16f1/Editor/Data/Managed'
Mono path[1] = 'D:/колледж/2022.3.16f1/Editor/Data/MonoBleedingEdge/lib/mono/unityjit-win32'
Mono config path = 'D:/колледж/2022.3.16f1/Editor/Data/MonoBleedingEdge/etc'
Using monoOptions --debugger-agent=transport=dt_socket,embedding=1,server=y,suspend=n,address=127.0.0.1:56864
Begin MonoManager ReloadAssembly
Registering precompiled unity dll's ...
Register platform support module: D:/колледж/2022.3.16f1/Editor/Data/PlaybackEngines/WebGLSupport/UnityEditor.WebGL.Extensions.dll
Register platform support module: D:/колледж/2022.3.16f1/Editor/Data/PlaybackEngines/WindowsStandaloneSupport/UnityEditor.WindowsStandalone.Extensions.dll
Registered in 0.019149 seconds.
- Loaded All Assemblies, in  1.241 seconds
Native extension for WindowsStandalone target not found
Native extension for WebGL target not found
Mono: successfully reloaded assembly
- Finished resetting the current domain, in  0.932 seconds
Domain Reload Profiling: 2172ms
	BeginReloadAssembly (343ms)
		ExecutionOrderSort (0ms)
		DisableScriptedObjects (0ms)
		BackupInstance (0ms)
		ReleaseScriptingObjects (0ms)
		CreateAndSetChildDomain (3ms)
	RebuildCommonClasses (111ms)
	RebuildNativeTypeToScriptingClass (36ms)
	initialDomainReloadingComplete (196ms)
	LoadAllAssembliesAndSetupDomain (552ms)
		LoadAssemblies (341ms)
		RebuildTransferFunctionScriptingTraits (0ms)
		AnalyzeDomain (545ms)
			TypeCache.Refresh (539ms)
				TypeCache.ScanAssembly (489ms)
			ScanForSourceGeneratedMonoScriptInfo (2ms)
			ResolveRequiredComponents (2ms)
	FinalizeReload (934ms)
		ReleaseScriptCaches (0ms)
		RebuildScriptCaches (0ms)
		SetupLoadedEditorAssemblies (692ms)
			LogAssemblyErrors (0ms)
			InitializePlatformSupportModulesInManaged (28ms)
			SetLoadedEditorAssemblies (17ms)
			RefreshPlugins (0ms)
			BeforeProcessingInitializeOnLoad (7ms)
			ProcessInitializeOnLoadAttributes (448ms)
			ProcessInitializeOnLoadMethodAttributes (191ms)
			AfterProcessingInitializeOnLoad (0ms)
			EditorAssembliesLoaded (0ms)
		ExecutionOrderSort2 (0ms)
		AwakeInstancesAfterBackupRestoration (0ms)
========================================================================
Worker process is ready to serve import requests
Begin MonoManager ReloadAssembly
- Loaded All Assemblies, in  2.249 seconds
Refreshing native plugins compatible for Editor in 18.83 ms, found 4 plugins.
Native extension for WindowsStandalone target not found
Native extension for WebGL target not found
Package Manager log level set to [2]
[Package Manager] Server::EnsureServerProcessIsRunning -- launch failed, reason: Unity was launched with the -noUpm command-line argument
[Package Manager] UpmClient::Send -- Unable to send message (not connected to UPM process).
[Package Manager] Cannot connect to Unity Package Manager local server
Mono: successfully reloaded assembly
- Finished resetting the current domain, in  2.269 seconds
Domain Reload Profiling: 4511ms
	BeginReloadAssembly (468ms)
		ExecutionOrderSort (0ms)
		DisableScriptedObjects (21ms)
		BackupInstance (0ms)
		ReleaseScriptingObjects (0ms)
		CreateAndSetChildDomain (65ms)
	RebuildCommonClasses (122ms)
	RebuildNativeTypeToScriptingClass (43ms)
	initialDomainReloadingComplete (154ms)
	LoadAllAssembliesAndSetupDomain (1453ms)
		LoadAssemblies (1073ms)
		RebuildTransferFunctionScriptingTraits (0ms)
		AnalyzeDomain (642ms)
			TypeCache.Refresh (503ms)
				TypeCache.ScanAssembly (446ms)
			ScanForSourceGeneratedMonoScriptInfo (109ms)
			ResolveRequiredComponents (26ms)
	FinalizeReload (2271ms)
		ReleaseScriptCaches (0ms)
		RebuildScriptCaches (0ms)
		SetupLoadedEditorAssemblies (1692ms)
			LogAssemblyErrors (0ms)
			InitializePlatformSupportModulesInManaged (21ms)
			SetLoadedEditorAssemblies (13ms)
			RefreshPlugins (0ms)
			BeforeProcessingInitializeOnLoad (270ms)
			ProcessInitializeOnLoadAttributes (1250ms)
			ProcessInitializeOnLoadMethodAttributes (130ms)
			AfterProcessingInitializeOnLoad (8ms)
			EditorAssembliesLoaded (0ms)
		ExecutionOrderSort2 (0ms)
		AwakeInstancesAfterBackupRestoration (29ms)
Launched and connected shader compiler UnityShaderCompiler.exe after 0.13 seconds
Refreshing native plugins compatible for Editor in 12.32 ms, found 4 plugins.
Preloading 0 native plugins for Editor in 0.00 ms.
Unloading 4068 Unused Serialized files (Serialized files now loaded: 0)
Unloading 69 unused Assets / (217.3 KB). Loaded Objects now: 4526.
Memory consumption went from 149.5 MB to 149.3 MB.
Total: 7.351300 ms (FindLiveObjects: 0.573500 ms CreateObjectMapping: 0.437900 ms MarkObjects: 5.972400 ms  DeleteObjects: 0.365300 ms)

AssetImportParameters requested are different than current active one (requested -> active):
  custom:container-demuxer-ogg: 62fdf1f143b41e24485cea50d1cbac27 -> 
  custom:video-decoder-ogg-theora: a1e56fd34408186e4bbccfd4996cb3dc -> 
  custom:framework-win-MediaFoundation: 216162199b28c13a410421893ffa2e32 -> 
  custom:CustomObjectIndexerAttribute: 43b350a4d6e6d1791af0b5038c4bea17 -> 
  custom:container-demuxer-webm: 4f35f7cbe854078d1ac9338744f61a02 -> 
  custom:container-muxer-webm: aa71ff27fc2769a1b78a27578f13a17b -> 
  custom:video-decoder-webm-vp8: 9c59270c3fd7afecdb556c50c9e8de78 -> 
  custom:SearchIndexIgnoredProperties: e643bd26f0fe6173181afceb89e7c659 -> 
  custom:AudioImporter_EditorPlatform: d09bf68614088b80899f8185d706f6e7 -> 
  custom:video-encoder-webm-vp8: eb34c28f22e8b96e1ab97ce403110664 -> 
  custom:audio-decoder-ogg-vorbis: bf7c407c2cedff20999df2af8eb42d56 -> 
  custom:audio-encoder-webm-vorbis: bf7c407c2cedff20999df2af8eb42d56 -> 
========================================================================
Received Prepare
Begin MonoManager ReloadAssembly
- Loaded All Assemblies, in  1.393 seconds
Refreshing native plugins compatible for Editor in 34.60 ms, found 4 plugins.
Native extension for WindowsStandalone target not found
Native extension for WebGL target not found
[Package Manager] Server::EnsureServerProcessIsRunning -- launch failed, reason: Unity was launched with the -noUpm command-line argument
[Package Manager] UpmClient::Send -- Unable to send message (not connected to UPM process).
[Package Manager] Cannot connect to Unity Package Manager local server
Mono: successfully reloaded assembly
- Finished resetting the current domain, in  5.916 seconds
Domain Reload Profiling: 7308ms
	BeginReloadAssembly (422ms)
		ExecutionOrderSort (0ms)
		DisableScriptedObjects (41ms)
		BackupInstance (0ms)
		ReleaseScriptingObjects (0ms)
		CreateAndSetChildDomain (93ms)
	RebuildCommonClasses (114ms)
	RebuildNativeTypeToScriptingClass (36ms)
	initialDomainReloadingComplete (76ms)
	LoadAllAssembliesAndSetupDomain (741ms)
		LoadAssemblies (898ms)
		RebuildTransferFunctionScriptingTraits (0ms)
		AnalyzeDomain (61ms)
			TypeCache.Refresh (24ms)
				TypeCache.ScanAssembly (0ms)
			ScanForSourceGeneratedMonoScriptInfo (1ms)
			ResolveRequiredComponents (32ms)
	FinalizeReload (5919ms)
		ReleaseScriptCaches (0ms)
		RebuildScriptCaches (0ms)
		SetupLoadedEditorAssemblies (2785ms)
			LogAssemblyErrors (0ms)
			InitializePlatformSupportModulesInManaged (47ms)
			SetLoadedEditorAssemblies (29ms)
			RefreshPlugins (0ms)
			BeforeProcessingInitializeOnLoad (398ms)
			ProcessInitializeOnLoadAttributes (2065ms)
			ProcessInitializeOnLoadMethodAttributes (232ms)
			AfterProcessingInitializeOnLoad (12ms)
			EditorAssembliesLoaded (1ms)
		ExecutionOrderSort2 (0ms)
		AwakeInstancesAfterBackupRestoration (91ms)
Refreshing native plugins compatible for Editor in 37.24 ms, found 4 plugins.
Preloading 0 native plugins for Editor in 0.00 ms.
Unloading 4050 Unused Serialized files (Serialized files now loaded: 0)
Unloading 42 unused Assets / (216.8 KB). Loaded Objects now: 4531.
Memory consumption went from 147.1 MB to 146.8 MB.
Total: 15.253300 ms (FindLiveObjects: 1.870000 ms CreateObjectMapping: 2.084900 ms MarkObjects: 10.315500 ms  DeleteObjects: 0.978300 ms)

Prepare: number of updated asset objects reloaded= 0
AssetImportParameters requested are different than current active one (requested -> active):
  custom:container-demuxer-ogg: 62fdf1f143b41e24485cea50d1cbac27 -> 
  custom:video-decoder-ogg-theora: a1e56fd34408186e4bbccfd4996cb3dc -> 
  custom:framework-win-MediaFoundation: 216162199b28c13a410421893ffa2e32 -> 
  custom:CustomObjectIndexerAttribute: 43b350a4d6e6d1791af0b5038c4bea17 -> 
  custom:container-demuxer-webm: 4f35f7cbe854078d1ac9338744f61a02 -> 
  custom:container-muxer-webm: aa71ff27fc2769a1b78a27578f13a17b -> 
  custom:video-decoder-webm-vp8: 9c59270c3fd7afecdb556c50c9e8de78 -> 
  custom:SearchIndexIgnoredProperties: e643bd26f0fe6173181afceb89e7c659 -> 
  custom:AudioImporter_EditorPlatform: d09bf68614088b80899f8185d706f6e7 -> 
  custom:video-encoder-webm-vp8: eb34c28f22e8b96e1ab97ce403110664 -> 
  custom:audio-decoder-ogg-vorbis: bf7c407c2cedff20999df2af8eb42d56 -> 
  custom:audio-encoder-webm-vorbis: bf7c407c2cedff20999df2af8eb42d56 -> 
========================================================================
Received Prepare
Begin MonoManager ReloadAssembly
- Loaded All Assemblies, in  1.258 seconds
Refreshing native plugins compatible for Editor in 24.57 ms, found 4 plugins.
Native extension for WindowsStandalone target not found
Native extension for WebGL target not found
[Package Manager] Server::EnsureServerProcessIsRunning -- launch failed, reason: Unity was launched with the -noUpm command-line argument
[Package Manager] UpmClient::Send -- Unable to send message (not connected to UPM process).
[Package Manager] Cannot connect to Unity Package Manager local server
Mono: successfully reloaded assembly
- Finished resetting the current domain, in  6.219 seconds
Domain Reload Profiling: 7475ms
	BeginReloadAssembly (374ms)
		ExecutionOrderSort (0ms)
		DisableScriptedObjects (30ms)
		BackupInstance (0ms)
		ReleaseScriptingObjects (0ms)
		CreateAndSetChildDomain (77ms)
	RebuildCommonClasses (120ms)
	RebuildNativeTypeToScriptingClass (33ms)
	initialDomainReloadingComplete (91ms)
	LoadAllAssembliesAndSetupDomain (637ms)
		LoadAssemblies (771ms)
		RebuildTransferFunctionScriptingTraits (0ms)
		AnalyzeDomain (69ms)
			TypeCache.Refresh (24ms)
				TypeCache.ScanAssembly (0ms)
			ScanForSourceGeneratedMonoScriptInfo (1ms)
			ResolveRequiredComponents (36ms)
	FinalizeReload (6221ms)
		ReleaseScriptCaches (0ms)
		RebuildScriptCaches (0ms)
		SetupLoadedEditorAssemblies (2794ms)
			LogAssemblyErrors (0ms)
			InitializePlatformSupportModulesInManaged (51ms)
			SetLoadedEditorAssemblies (26ms)
			RefreshPlugins (0ms)
			BeforeProcessingInitializeOnLoad (471ms)
			ProcessInitializeOnLoadAttributes (1987ms)
			ProcessInitializeOnLoadMethodAttributes (233ms)
			AfterProcessingInitializeOnLoad (23ms)
			EditorAssembliesLoaded (1ms)
		ExecutionOrderSort2 (0ms)
		AwakeInstancesAfterBackupRestoration (104ms)
Refreshing native plugins compatible for Editor in 38.14 ms, found 4 plugins.
Preloading 0 native plugins for Editor in 0.00 ms.
Unloading 4050 Unused Serialized files (Serialized files now loaded: 0)
Unloading 42 unused Assets / (216.7 KB). Loaded Objects now: 4535.
Memory consumption went from 149.0 MB to 148.8 MB.
Total: 16.138100 ms (FindLiveObjects: 2.633800 ms CreateObjectMapping: 2.164700 ms MarkObjects: 10.818100 ms  DeleteObjects: 0.517800 ms)

Prepare: number of updated asset objects reloaded= 0
AssetImportParameters requested are different than current active one (requested -> active):
  custom:container-demuxer-ogg: 62fdf1f143b41e24485cea50d1cbac27 -> 
  custom:video-decoder-ogg-theora: a1e56fd34408186e4bbccfd4996cb3dc -> 
  custom:framework-win-MediaFoundation: 216162199b28c13a410421893ffa2e32 -> 
  custom:CustomObjectIndexerAttribute: 43b350a4d6e6d1791af0b5038c4bea17 -> 
  custom:container-demuxer-webm: 4f35f7cbe854078d1ac9338744f61a02 -> 
  custom:container-muxer-webm: aa71ff27fc2769a1b78a27578f13a17b -> 
  custom:video-decoder-webm-vp8: 9c59270c3fd7afecdb556c50c9e8de78 -> 
  custom:SearchIndexIgnoredProperties: e643bd26f0fe6173181afceb89e7c659 -> 
  custom:AudioImporter_EditorPlatform: d09bf68614088b80899f8185d706f6e7 -> 
  custom:video-encoder-webm-vp8: eb34c28f22e8b96e1ab97ce403110664 -> 
  custom:audio-decoder-ogg-vorbis: bf7c407c2cedff20999df2af8eb42d56 -> 
  custom:audio-encoder-webm-vorbis: bf7c407c2cedff20999df2af8eb42d56 -> 
========================================================================
Received Prepare
Begin MonoManager ReloadAssembly
- Loaded All Assemblies, in  1.650 seconds
Refreshing native plugins compatible for Editor in 17.30 ms, found 4 plugins.
Native extension for WindowsStandalone target not found
Native extension for WebGL target not found
[Package Manager] Server::EnsureServerProcessIsRunning -- launch failed, reason: Unity was launched with the -noUpm command-line argument
[Package Manager] UpmClient::Send -- Unable to send message (not connected to UPM process).
[Package Manager] Cannot connect to Unity Package Manager local server
Mono: successfully reloaded assembly
- Finished resetting the current domain, in  6.916 seconds
Domain Reload Profiling: 8570ms
	BeginReloadAssembly (365ms)
		ExecutionOrderSort (0ms)
		DisableScriptedObjects (25ms)
		BackupInstance (0ms)
		ReleaseScriptingObjects (0ms)
		CreateAndSetChildDomain (92ms)
	RebuildCommonClasses (106ms)
	RebuildNativeTypeToScriptingClass (34ms)
	initialDomainReloadingComplete (53ms)
	LoadAllAssembliesAndSetupDomain (1088ms)
		LoadAssemblies (1218ms)
		RebuildTransferFunctionScriptingTraits (0ms)
		AnalyzeDomain (49ms)
			TypeCache.Refresh (23ms)
				TypeCache.ScanAssembly (0ms)
			ScanForSourceGeneratedMonoScriptInfo (0ms)
			ResolveRequiredComponents (23ms)
	FinalizeReload (6926ms)
		ReleaseScriptCaches (0ms)
		RebuildScriptCaches (0ms)
		SetupLoadedEditorAssemblies (1951ms)
			LogAssemblyErrors (0ms)
			InitializePlatformSupportModulesInManaged (33ms)
			SetLoadedEditorAssemblies (18ms)
			RefreshPlugins (0ms)
			BeforeProcessingInitializeOnLoad (281ms)
			ProcessInitializeOnLoadAttributes (1457ms)
			ProcessInitializeOnLoadMethodAttributes (152ms)
			AfterProcessingInitializeOnLoad (9ms)
			EditorAssembliesLoaded (1ms)
		ExecutionOrderSort2 (0ms)
		AwakeInstancesAfterBackupRestoration (69ms)
Refreshing native plugins compatible for Editor in 11.95 ms, found 4 plugins.
Preloading 0 native plugins for Editor in 0.00 ms.
Unloading 4050 Unused Serialized files (Serialized files now loaded: 0)
Unloading 42 unused Assets / (216.8 KB). Loaded Objects now: 4539.
Memory consumption went from 150.9 MB to 150.7 MB.
Total: 5.843300 ms (FindLiveObjects: 0.403600 ms CreateObjectMapping: 0.160300 ms MarkObjects: 5.040000 ms  DeleteObjects: 0.237700 ms)

Prepare: number of updated asset objects reloaded= 0
AssetImportParameters requested are different than current active one (requested -> active):
  custom:container-demuxer-ogg: 62fdf1f143b41e24485cea50d1cbac27 -> 
  custom:video-decoder-ogg-theora: a1e56fd34408186e4bbccfd4996cb3dc -> 
  custom:framework-win-MediaFoundation: 216162199b28c13a410421893ffa2e32 -> 
  custom:CustomObjectIndexerAttribute: 43b350a4d6e6d1791af0b5038c4bea17 -> 
  custom:container-demuxer-webm: 4f35f7cbe854078d1ac9338744f61a02 -> 
  custom:container-muxer-webm: aa71ff27fc2769a1b78a27578f13a17b -> 
  custom:video-decoder-webm-vp8: 9c59270c3fd7afecdb556c50c9e8de78 -> 
  custom:SearchIndexIgnoredProperties: e643bd26f0fe6173181afceb89e7c659 -> 
  custom:AudioImporter_EditorPlatform: d09bf68614088b80899f8185d706f6e7 -> 
  custom:video-encoder-webm-vp8: eb34c28f22e8b96e1ab97ce403110664 -> 
  custom:audio-decoder-ogg-vorbis: bf7c407c2cedff20999df2af8eb42d56 -> 
  custom:audio-encoder-webm-vorbis: bf7c407c2cedff20999df2af8eb42d56 -> 
========================================================================
Received Import Request.
  Time since last request: 125133.019273 seconds.
  path: Assets/Scripts/Input5.cs
  artifactKey: Guid(aa671a361840e0144a37ef04ef0dc047) Importer(815301076,1909f56bfc062723c751e8b465ee728b)
Start importing Assets/Scripts/Input5.cs using Guid(aa671a361840e0144a37ef04ef0dc047) Importer(815301076,1909f56bfc062723c751e8b465ee728b)  -> (artifact id: '5e231778f1c34b11f691f15bb6b16d1a') in 0.003450 seconds
Number of updated asset objects reloaded before import = 0
Number of asset objects unloaded after import = 0
========================================================================
Received Prepare
Begin MonoManager ReloadAssembly
- Loaded All Assemblies, in  1.140 seconds
Refreshing native plugins compatible for Editor in 13.83 ms, found 4 plugins.
Native extension for WindowsStandalone target not found
Native extension for WebGL target not found
[Package Manager] Server::EnsureServerProcessIsRunning -- launch failed, reason: Unity was launched with the -noUpm command-line argument
[Package Manager] UpmClient::Send -- Unable to send message (not connected to UPM process).
[Package Manager] Cannot connect to Unity Package Manager local server
Mono: successfully reloaded assembly
- Finished resetting the current domain, in  2.499 seconds
Domain Reload Profiling: 3637ms
	BeginReloadAssembly (311ms)
		ExecutionOrderSort (0ms)
		DisableScriptedObjects (16ms)
		BackupInstance (0ms)
		ReleaseScriptingObjects (0ms)
		CreateAndSetChildDomain (62ms)
	RebuildCommonClasses (76ms)
	RebuildNativeTypeToScriptingClass (28ms)
	initialDomainReloadingComplete (81ms)
	LoadAllAssembliesAndSetupDomain (641ms)
		LoadAssemblies (743ms)
		RebuildTransferFunctionScriptingTraits (0ms)
		AnalyzeDomain (89ms)
			TypeCache.Refresh (26ms)
				TypeCache.ScanAssembly (3ms)
			ScanForSourceGeneratedMonoScriptInfo (37ms)
			ResolveRequiredComponents (23ms)
	FinalizeReload (2501ms)
		ReleaseScriptCaches (0ms)
		RebuildScriptCaches (0ms)
		SetupLoadedEditorAssemblies (1141ms)
			LogAssemblyErrors (0ms)
			InitializePlatformSupportModulesInManaged (15ms)
			SetLoadedEditorAssemblies (8ms)
			RefreshPlugins (0ms)
			BeforeProcessingInitializeOnLoad (158ms)
			ProcessInitializeOnLoadAttributes (840ms)
			ProcessInitializeOnLoadMethodAttributes (111ms)
			AfterProcessingInitializeOnLoad (9ms)
			EditorAssembliesLoaded (1ms)
		ExecutionOrderSort2 (0ms)
		AwakeInstancesAfterBackupRestoration (41ms)
Refreshing native plugins compatible for Editor in 12.79 ms, found 4 plugins.
Preloading 0 native plugins for Editor in 0.00 ms.
Unloading 4050 Unused Serialized files (Serialized files now loaded: 0)
Unloading 42 unused Assets / (217.8 KB). Loaded Objects now: 4544.
Memory consumption went from 152.7 MB to 152.4 MB.
Total: 7.123200 ms (FindLiveObjects: 0.401200 ms CreateObjectMapping: 0.342900 ms MarkObjects: 5.818100 ms  DeleteObjects: 0.559700 ms)

Prepare: number of updated asset objects reloaded= 0
AssetImportParameters requested are different than current active one (requested -> active):
  custom:container-demuxer-ogg: 62fdf1f143b41e24485cea50d1cbac27 -> 
  custom:video-decoder-ogg-theora: a1e56fd34408186e4bbccfd4996cb3dc -> 
  custom:framework-win-MediaFoundation: 216162199b28c13a410421893ffa2e32 -> 
  custom:CustomObjectIndexerAttribute: 43b350a4d6e6d1791af0b5038c4bea17 -> 
  custom:container-demuxer-webm: 4f35f7cbe854078d1ac9338744f61a02 -> 
  custom:container-muxer-webm: aa71ff27fc2769a1b78a27578f13a17b -> 
  custom:video-decoder-webm-vp8: 9c59270c3fd7afecdb556c50c9e8de78 -> 
  custom:SearchIndexIgnoredProperties: e643bd26f0fe6173181afceb89e7c659 -> 
  custom:AudioImporter_EditorPlatform: d09bf68614088b80899f8185d706f6e7 -> 
  custom:video-encoder-webm-vp8: eb34c28f22e8b96e1ab97ce403110664 -> 
  custom:audio-decoder-ogg-vorbis: bf7c407c2cedff20999df2af8eb42d56 -> 
  custom:audio-encoder-webm-vorbis: bf7c407c2cedff20999df2af8eb42d56 -> 
========================================================================
Received Import Request.
  Time since last request: 35.688194 seconds.
  path: Assets/Scripts/Input5.cs
  artifactKey: Guid(aa671a361840e0144a37ef04ef0dc047) Importer(815301076,1909f56bfc062723c751e8b465ee728b)
Start importing Assets/Scripts/Input5.cs using Guid(aa671a361840e0144a37ef04ef0dc047) Importer(815301076,1909f56bfc062723c751e8b465ee728b)  -> (artifact id: '5f559ca4a254bcabea986afa3ae0d4fa') in 0.002687 seconds
Number of updated asset objects reloaded before import = 0
Number of asset objects unloaded after import = 0
========================================================================
Received Prepare
Begin MonoManager ReloadAssembly
- Loaded All Assemblies, in  0.911 seconds
Refreshing native plugins compatible for Editor in 8.19 ms, found 4 plugins.
Native extension for WindowsStandalone target not found
Native extension for WebGL target not found
[Package Manager] Server::EnsureServerProcessIsRunning -- launch failed, reason: Unity was launched with the -noUpm command-line argument
[Package Manager] UpmClient::Send -- Unable to send message (not connected to UPM process).
[Package Manager] Cannot connect to Unity Package Manager local server
Mono: successfully reloaded assembly
- Finished resetting the current domain, in  2.053 seconds
Domain Reload Profiling: 2963ms
	BeginReloadAssembly (294ms)
		ExecutionOrderSort (0ms)
		DisableScriptedObjects (28ms)
		BackupInstance (0ms)
		ReleaseScriptingObjects (0ms)
		CreateAndSetChildDomain (66ms)
	RebuildCommonClasses (59ms)
	RebuildNativeTypeToScriptingClass (26ms)
	initialDomainReloadingComplete (54ms)
	LoadAllAssembliesAndSetupDomain (475ms)
		LoadAssemblies (562ms)
		RebuildTransferFunctionScriptingTraits (0ms)
		AnalyzeDomain (63ms)
			TypeCache.Refresh (19ms)
				TypeCache.ScanAssembly (1ms)
			ScanForSourceGeneratedMonoScriptInfo (26ms)
			ResolveRequiredComponents (16ms)
	FinalizeReload (2054ms)
		ReleaseScriptCaches (0ms)
		RebuildScriptCaches (0ms)
		SetupLoadedEditorAssemblies (981ms)
			LogAssemblyErrors (0ms)
			InitializePlatformSupportModulesInManaged (14ms)
			SetLoadedEditorAssemblies (8ms)
			RefreshPlugins (0ms)
			BeforeProcessingInitializeOnLoad (164ms)
			ProcessInitializeOnLoadAttributes (713ms)
			ProcessInitializeOnLoadMethodAttributes (75ms)
			AfterProcessingInitializeOnLoad (6ms)
			EditorAssembliesLoaded (0ms)
		ExecutionOrderSort2 (0ms)
		AwakeInstancesAfterBackupRestoration (26ms)
Refreshing native plugins compatible for Editor in 11.64 ms, found 4 plugins.
Preloading 0 native plugins for Editor in 0.00 ms.
Unloading 4050 Unused Serialized files (Serialized files now loaded: 0)
Unloading 42 unused Assets / (216.8 KB). Loaded Objects now: 4548.
Memory consumption went from 154.6 MB to 154.4 MB.
Total: 4.871600 ms (FindLiveObjects: 0.455600 ms CreateObjectMapping: 0.345500 ms MarkObjects: 3.645500 ms  DeleteObjects: 0.422600 ms)

Prepare: number of updated asset objects reloaded= 0
AssetImportParameters requested are different than current active one (requested -> active):
  custom:container-demuxer-ogg: 62fdf1f143b41e24485cea50d1cbac27 -> 
  custom:video-decoder-ogg-theora: a1e56fd34408186e4bbccfd4996cb3dc -> 
  custom:framework-win-MediaFoundation: 216162199b28c13a410421893ffa2e32 -> 
  custom:CustomObjectIndexerAttribute: 43b350a4d6e6d1791af0b5038c4bea17 -> 
  custom:container-demuxer-webm: 4f35f7cbe854078d1ac9338744f61a02 -> 
  custom:container-muxer-webm: aa71ff27fc2769a1b78a27578f13a17b -> 
  custom:video-decoder-webm-vp8: 9c59270c3fd7afecdb556c50c9e8de78 -> 
  custom:SearchIndexIgnoredProperties: e643bd26f0fe6173181afceb89e7c659 -> 
  custom:AudioImporter_EditorPlatform: d09bf68614088b80899f8185d706f6e7 -> 
  custom:video-encoder-webm-vp8: eb34c28f22e8b96e1ab97ce403110664 -> 
  custom:audio-decoder-ogg-vorbis: bf7c407c2cedff20999df2af8eb42d56 -> 
  custom:audio-encoder-webm-vorbis: bf7c407c2cedff20999df2af8eb42d56 -> 
========================================================================
Received Prepare
Begin MonoManager ReloadAssembly
- Loaded All Assemblies, in  1.128 seconds
Refreshing native plugins compatible for Editor in 25.64 ms, found 4 plugins.
Native extension for WindowsStandalone target not found
Native extension for WebGL target not found
[Package Manager] Server::EnsureServerProcessIsRunning -- launch failed, reason: Unity was launched with the -noUpm command-line argument
[Package Manager] UpmClient::Send -- Unable to send message (not connected to UPM process).
[Package Manager] Cannot connect to Unity Package Manager local server
Mono: successfully reloaded assembly
- Finished resetting the current domain, in  4.350 seconds
Domain Reload Profiling: 5478ms
	BeginReloadAssembly (320ms)
		ExecutionOrderSort (0ms)
		DisableScriptedObjects (16ms)
		BackupInstance (0ms)
		ReleaseScriptingObjects (0ms)
		CreateAndSetChildDomain (71ms)
	RebuildCommonClasses (97ms)
	RebuildNativeTypeToScriptingClass (46ms)
	initialDomainReloadingComplete (81ms)
	LoadAllAssembliesAndSetupDomain (582ms)
		LoadAssemblies (697ms)
		RebuildTransferFunctionScriptingTraits (0ms)
		AnalyzeDomain (66ms)
			TypeCache.Refresh (29ms)
				TypeCache.ScanAssembly (0ms)
			ScanForSourceGeneratedMonoScriptInfo (1ms)
			ResolveRequiredComponents (35ms)
	FinalizeReload (4353ms)
		ReleaseScriptCaches (0ms)
		RebuildScriptCaches (0ms)
		SetupLoadedEditorAssemblies (1888ms)
			LogAssemblyErrors (0ms)
			InitializePlatformSupportModulesInManaged (11ms)
			SetLoadedEditorAssemblies (5ms)
			RefreshPlugins (0ms)
			BeforeProcessingInitializeOnLoad (268ms)
			ProcessInitializeOnLoadAttributes (1422ms)
			ProcessInitializeOnLoadMethodAttributes (171ms)
			AfterProcessingInitializeOnLoad (10ms)
			EditorAssembliesLoaded (2ms)
		ExecutionOrderSort2 (0ms)
		AwakeInstancesAfterBackupRestoration (79ms)
Refreshing native plugins compatible for Editor in 31.07 ms, found 4 plugins.
Preloading 0 native plugins for Editor in 0.00 ms.
Unloading 4051 Unused Serialized files (Serialized files now loaded: 0)
Unloading 42 unused Assets / (216.8 KB). Loaded Objects now: 4552.
Memory consumption went from 156.8 MB to 156.6 MB.
Total: 12.005000 ms (FindLiveObjects: 0.484300 ms CreateObjectMapping: 0.402700 ms MarkObjects: 9.274600 ms  DeleteObjects: 1.841700 ms)

Prepare: number of updated asset objects reloaded= 0
AssetImportParameters requested are different than current active one (requested -> active):
  custom:container-demuxer-ogg: 62fdf1f143b41e24485cea50d1cbac27 -> 
  custom:video-decoder-ogg-theora: a1e56fd34408186e4bbccfd4996cb3dc -> 
  custom:framework-win-MediaFoundation: 216162199b28c13a410421893ffa2e32 -> 
  custom:CustomObjectIndexerAttribute: 43b350a4d6e6d1791af0b5038c4bea17 -> 
  custom:container-demuxer-webm: 4f35f7cbe854078d1ac9338744f61a02 -> 
  custom:container-muxer-webm: aa71ff27fc2769a1b78a27578f13a17b -> 
  custom:video-decoder-webm-vp8: 9c59270c3fd7afecdb556c50c9e8de78 -> 
  custom:SearchIndexIgnoredProperties: e643bd26f0fe6173181afceb89e7c659 -> 
  custom:AudioImporter_EditorPlatform: d09bf68614088b80899f8185d706f6e7 -> 
  custom:video-encoder-webm-vp8: eb34c28f22e8b96e1ab97ce403110664 -> 
  custom:audio-decoder-ogg-vorbis: bf7c407c2cedff20999df2af8eb42d56 -> 
  custom:audio-encoder-webm-vorbis: bf7c407c2cedff20999df2af8eb42d56 -> 
========================================================================
Received Prepare
Begin MonoManager ReloadAssembly
- Loaded All Assemblies, in  1.220 seconds
Refreshing native plugins compatible for Editor in 24.77 ms, found 4 plugins.
Native extension for WindowsStandalone target not found
Native extension for WebGL target not found
[Package Manager] Server::EnsureServerProcessIsRunning -- launch failed, reason: Unity was launched with the -noUpm command-line argument
[Package Manager] UpmClient::Send -- Unable to send message (not connected to UPM process).
[Package Manager] Cannot connect to Unity Package Manager local server
Mono: successfully reloaded assembly
- Finished resetting the current domain, in  2.887 seconds
Domain Reload Profiling: 4106ms
	BeginReloadAssembly (345ms)
		ExecutionOrderSort (0ms)
		DisableScriptedObjects (19ms)
		BackupInstance (0ms)
		ReleaseScriptingObjects (0ms)
		CreateAndSetChildDomain (78ms)
	RebuildCommonClasses (67ms)
	RebuildNativeTypeToScriptingClass (24ms)
	initialDomainReloadingComplete (44ms)
	LoadAllAssembliesAndSetupDomain (740ms)
		LoadAssemblies (875ms)
		RebuildTransferFunctionScriptingTraits (0ms)
		AnalyzeDomain (65ms)
			TypeCache.Refresh (28ms)
				TypeCache.ScanAssembly (0ms)
			ScanForSourceGeneratedMonoScriptInfo (0ms)
			ResolveRequiredComponents (32ms)
	FinalizeReload (2888ms)
		ReleaseScriptCaches (0ms)
		RebuildScriptCaches (0ms)
		SetupLoadedEditorAssemblies (836ms)
			LogAssemblyErrors (0ms)
			InitializePlatformSupportModulesInManaged (19ms)
			SetLoadedEditorAssemblies (11ms)
			RefreshPlugins (0ms)
			BeforeProcessingInitializeOnLoad (202ms)
			ProcessInitializeOnLoadAttributes (561ms)
			ProcessInitializeOnLoadMethodAttributes (40ms)
			AfterProcessingInitializeOnLoad (2ms)
			EditorAssembliesLoaded (0ms)
		ExecutionOrderSort2 (0ms)
		AwakeInstancesAfterBackupRestoration (20ms)
Refreshing native plugins compatible for Editor in 29.74 ms, found 4 plugins.
Preloading 0 native plugins for Editor in 0.00 ms.
Unloading 4051 Unused Serialized files (Serialized files now loaded: 0)
Unloading 42 unused Assets / (217.0 KB). Loaded Objects now: 4556.
Memory consumption went from 158.7 MB to 158.5 MB.
Total: 17.087500 ms (FindLiveObjects: 1.490800 ms CreateObjectMapping: 1.136300 ms MarkObjects: 12.746100 ms  DeleteObjects: 1.709300 ms)

Prepare: number of updated asset objects reloaded= 0
AssetImportParameters requested are different than current active one (requested -> active):
  custom:container-demuxer-ogg: 62fdf1f143b41e24485cea50d1cbac27 -> 
  custom:video-decoder-ogg-theora: a1e56fd34408186e4bbccfd4996cb3dc -> 
  custom:framework-win-MediaFoundation: 216162199b28c13a410421893ffa2e32 -> 
  custom:CustomObjectIndexerAttribute: 43b350a4d6e6d1791af0b5038c4bea17 -> 
  custom:container-demuxer-webm: 4f35f7cbe854078d1ac9338744f61a02 -> 
  custom:container-muxer-webm: aa71ff27fc2769a1b78a27578f13a17b -> 
  custom:video-decoder-webm-vp8: 9c59270c3fd7afecdb556c50c9e8de78 -> 
  custom:SearchIndexIgnoredProperties: e643bd26f0fe6173181afceb89e7c659 -> 
  custom:AudioImporter_EditorPlatform: d09bf68614088b80899f8185d706f6e7 -> 
  custom:video-encoder-webm-vp8: eb34c28f22e8b96e1ab97ce403110664 -> 
  custom:audio-decoder-ogg-vorbis: bf7c407c2cedff20999df2af8eb42d56 -> 
  custom:audio-encoder-webm-vorbis: bf7c407c2cedff20999df2af8eb42d56 -> 
========================================================================
Received Import Request.
  Time since last request: 368.241426 seconds.
  path: Assets/Scenes/Level5.unity
  artifactKey: Guid(09152f311c5d8634f8c2db5bc2e1b1db) Importer(815301076,1909f56bfc062723c751e8b465ee728b)
Start importing Assets/Scenes/Level5.unity using Guid(09152f311c5d8634f8c2db5bc2e1b1db) Importer(815301076,1909f56bfc062723c751e8b465ee728b)  -> (artifact id: '1adc550d1ef694d593fe8fa660c8da76') in 0.003455 seconds
Number of updated asset objects reloaded before import = 0
Number of asset objects unloaded after import = 0
========================================================================
Received Import Request.
  Time since last request: 39.039230 seconds.
  path: Assets/Scenes/Level7.unity
  artifactKey: Guid(822c35d1ccc2c2a43ba2dd6de81e931e) Importer(815301076,1909f56bfc062723c751e8b465ee728b)
Start importing Assets/Scenes/Level7.unity using Guid(822c35d1ccc2c2a43ba2dd6de81e931e) Importer(815301076,1909f56bfc062723c751e8b465ee728b)  -> (artifact id: '6128f261603fab2f36a164f268cb3d1f') in 0.000540 seconds
Number of updated asset objects reloaded before import = 0
Number of asset objects unloaded after import = 0
========================================================================
Received Import Request.
  Time since last request: 875.695294 seconds.
  path: Assets/Scenes/WrongAnswer 1.unity
  artifactKey: Guid(b1aac418b104be54db7345c8941fef7c) Importer(815301076,1909f56bfc062723c751e8b465ee728b)
Start importing Assets/Scenes/WrongAnswer 1.unity using Guid(b1aac418b104be54db7345c8941fef7c) Importer(815301076,1909f56bfc062723c751e8b465ee728b)  -> (artifact id: 'a2310f7d83ecb62e3ca272300d9b0b9d') in 0.000971 seconds
Number of updated asset objects reloaded before import = 0
Number of asset objects unloaded after import = 0
========================================================================
Received Import Request.
  Time since last request: 23.170279 seconds.
  path: Assets/Scenes/WrongAnswer 2.unity
  artifactKey: Guid(2c42c34e6493a8c48b9cd97fbcb440e9) Importer(815301076,1909f56bfc062723c751e8b465ee728b)
Start importing Assets/Scenes/WrongAnswer 2.unity using Guid(2c42c34e6493a8c48b9cd97fbcb440e9) Importer(815301076,1909f56bfc062723c751e8b465ee728b)  -> (artifact id: '70a92f673dede528baa59a3472f09342') in 0.001084 seconds
Number of updated asset objects reloaded before import = 0
Number of asset objects unloaded after import = 0
========================================================================
Received Import Request.
  Time since last request: 21.812195 seconds.
  path: Assets/Scenes/WrongAnswer 3.unity
  artifactKey: Guid(4439db1c3c006534d90d37aca584113d) Importer(815301076,1909f56bfc062723c751e8b465ee728b)
Start importing Assets/Scenes/WrongAnswer 3.unity using Guid(4439db1c3c006534d90d37aca584113d) Importer(815301076,1909f56bfc062723c751e8b465ee728b)  -> (artifact id: 'e7c35cbeeb87ea8c3f842729fc936a5d') in 0.001697 seconds
Number of updated asset objects reloaded before import = 0
Number of asset objects unloaded after import = 0
========================================================================
Received Import Request.
  Time since last request: 15.331105 seconds.
  path: Assets/Scenes/WrongAnswer 4.unity
  artifactKey: Guid(07f9dc8333382b7489505071553bbdba) Importer(815301076,1909f56bfc062723c751e8b465ee728b)
Start importing Assets/Scenes/WrongAnswer 4.unity using Guid(07f9dc8333382b7489505071553bbdba) Importer(815301076,1909f56bfc062723c751e8b465ee728b)  -> (artifact id: 'da11858023587d42e07f1594a0211fff') in 0.000595 seconds
Number of updated asset objects reloaded before import = 0
Number of asset objects unloaded after import = 0
========================================================================
Received Import Request.
  Time since last request: 15.017503 seconds.
  path: Assets/Scenes/WrongAnswer 5.unity
  artifactKey: Guid(d86dd790e032e13468553215fc05a8e5) Importer(815301076,1909f56bfc062723c751e8b465ee728b)
Start importing Assets/Scenes/WrongAnswer 5.unity using Guid(d86dd790e032e13468553215fc05a8e5) Importer(815301076,1909f56bfc062723c751e8b465ee728b)  -> (artifact id: 'e9138ac7b1fcbcc8bc2ea3772076c4af') in 0.001556 seconds
Number of updated asset objects reloaded before import = 0
Number of asset objects unloaded after import = 0
========================================================================
Received Import Request.
  Time since last request: 17.851584 seconds.
  path: Assets/Scenes/WrongAnswer 6.unity
  artifactKey: Guid(e4ecd46c8ecc5724bbad84c8ec01b37e) Importer(815301076,1909f56bfc062723c751e8b465ee728b)
Start importing Assets/Scenes/WrongAnswer 6.unity using Guid(e4ecd46c8ecc5724bbad84c8ec01b37e) Importer(815301076,1909f56bfc062723c751e8b465ee728b)  -> (artifact id: 'e1019c97f7da4f76a6000d9a6aeae580') in 0.001010 seconds
Number of updated asset objects reloaded before import = 0
Number of asset objects unloaded after import = 0
========================================================================
Received Import Request.
  Time since last request: 16.978047 seconds.
  path: Assets/Scenes/WrongAnswer 7.unity
  artifactKey: Guid(e01498b106a941845b71c2655a0d244a) Importer(815301076,1909f56bfc062723c751e8b465ee728b)
Start importing Assets/Scenes/WrongAnswer 7.unity using Guid(e01498b106a941845b71c2655a0d244a) Importer(815301076,1909f56bfc062723c751e8b465ee728b)  -> (artifact id: 'aa9a2f780b6bc66124fde84aad2314d7') in 0.001589 seconds
Number of updated asset objects reloaded before import = 0
Number of asset objects unloaded after import = 0
========================================================================
Received Import Request.
  Time since last request: 13.475920 seconds.
  path: Assets/Scenes/WrongAnswer 6.unity
  artifactKey: Guid(e4ecd46c8ecc5724bbad84c8ec01b37e) Importer(815301076,1909f56bfc062723c751e8b465ee728b)
Start importing Assets/Scenes/WrongAnswer 6.unity using Guid(e4ecd46c8ecc5724bbad84c8ec01b37e) Importer(815301076,1909f56bfc062723c751e8b465ee728b)  -> (artifact id: 'e10e84638e05970bf99ee73f88b19a9c') in 0.000722 seconds
Number of updated asset objects reloaded before import = 0
Number of asset objects unloaded after import = 0
========================================================================
Received Import Request.
  Time since last request: 20.143065 seconds.
  path: Assets/Scenes/WrongAnswer 8.unity
  artifactKey: Guid(9adb65460bb02fd459bf75ef27e3e23e) Importer(815301076,1909f56bfc062723c751e8b465ee728b)
Start importing Assets/Scenes/WrongAnswer 8.unity using Guid(9adb65460bb02fd459bf75ef27e3e23e) Importer(815301076,1909f56bfc062723c751e8b465ee728b)  -> (artifact id: '6b9e5ec49a5da7dbd204326134dde67a') in 0.000633 seconds
Number of updated asset objects reloaded before import = 0
Number of asset objects unloaded after import = 0
========================================================================
Received Import Request.
  Time since last request: 15.723869 seconds.
  path: Assets/Scenes/WrongAnswer 9.unity
  artifactKey: Guid(0e2d86ff457afa447a945628b7c4beab) Importer(815301076,1909f56bfc062723c751e8b465ee728b)
Start importing Assets/Scenes/WrongAnswer 9.unity using Guid(0e2d86ff457afa447a945628b7c4beab) Importer(815301076,1909f56bfc062723c751e8b465ee728b)  -> (artifact id: 'd14a61bcd8494b69e8917ecb47810e91') in 0.000646 seconds
Number of updated asset objects reloaded before import = 0
Number of asset objects unloaded after import = 0
========================================================================
Received Import Request.
  Time since last request: 15.828536 seconds.
  path: Assets/Scenes/WrongAnswer 10.unity
  artifactKey: Guid(b13e284f7893a4e49be14bd30de49b7f) Importer(815301076,1909f56bfc062723c751e8b465ee728b)
Start importing Assets/Scenes/WrongAnswer 10.unity using Guid(b13e284f7893a4e49be14bd30de49b7f) Importer(815301076,1909f56bfc062723c751e8b465ee728b)  -> (artifact id: 'ccdabcdc5932df5b2c27758a21a4d3fe') in 0.000664 seconds
Number of updated asset objects reloaded before import = 0
Number of asset objects unloaded after import = 0
========================================================================
Received Import Request.
  Time since last request: 18.864426 seconds.
  path: Assets/Scenes/WrongAnswer 9.unity
  artifactKey: Guid(0e2d86ff457afa447a945628b7c4beab) Importer(815301076,1909f56bfc062723c751e8b465ee728b)
Start importing Assets/Scenes/WrongAnswer 9.unity using Guid(0e2d86ff457afa447a945628b7c4beab) Importer(815301076,1909f56bfc062723c751e8b465ee728b)  -> (artifact id: '46030100a46ca764ea42d76c5f143125') in 0.000849 seconds
Number of updated asset objects reloaded before import = 0
Number of asset objects unloaded after import = 0
========================================================================
Received Import Request.
  Time since last request: 11.629276 seconds.
  path: Assets/Scenes/WrongAnswer.unity
  artifactKey: Guid(3f23daf85459f71459834b50e55cb916) Importer(815301076,1909f56bfc062723c751e8b465ee728b)
Start importing Assets/Scenes/WrongAnswer.unity using Guid(3f23daf85459f71459834b50e55cb916) Importer(815301076,1909f56bfc062723c751e8b465ee728b)  -> (artifact id: '432c7c1a56944164a4e9c34540d59ed9') in 0.000606 seconds
Number of updated asset objects reloaded before import = 0
Number of asset objects unloaded after import = 0
========================================================================
Received Import Request.
  Time since last request: 1.072479 seconds.
  path: Assets/Scenes/WrongAnswer 1.unity
  artifactKey: Guid(b1aac418b104be54db7345c8941fef7c) Importer(815301076,1909f56bfc062723c751e8b465ee728b)
Start importing Assets/Scenes/WrongAnswer 1.unity using Guid(b1aac418b104be54db7345c8941fef7c) Importer(815301076,1909f56bfc062723c751e8b465ee728b)  -> (artifact id: '9765c013e2fbb9c9eb9e97211f835512') in 0.000584 seconds
Number of updated asset objects reloaded before import = 0
Number of asset objects unloaded after import = 0
========================================================================
Received Import Request.
  Time since last request: 0.865962 seconds.
  path: Assets/Scenes/WrongAnswer 2.unity
  artifactKey: Guid(2c42c34e6493a8c48b9cd97fbcb440e9) Importer(815301076,1909f56bfc062723c751e8b465ee728b)
Start importing Assets/Scenes/WrongAnswer 2.unity using Guid(2c42c34e6493a8c48b9cd97fbcb440e9) Importer(815301076,1909f56bfc062723c751e8b465ee728b)  -> (artifact id: '37305981b85991ea6b0b62ab4dfeecb4') in 0.000901 seconds
Number of updated asset objects reloaded before import = 0
Number of asset objects unloaded after import = 0
========================================================================
Received Import Request.
  Time since last request: 0.786064 seconds.
  path: Assets/Scenes/WrongAnswer 3.unity
  artifactKey: Guid(4439db1c3c006534d90d37aca584113d) Importer(815301076,1909f56bfc062723c751e8b465ee728b)
Start importing Assets/Scenes/WrongAnswer 3.unity using Guid(4439db1c3c006534d90d37aca584113d) Importer(815301076,1909f56bfc062723c751e8b465ee728b)  -> (artifact id: '77e90cba07f0921d582ab66f3969cb63') in 0.000580 seconds
Number of updated asset objects reloaded before import = 0
Number of asset objects unloaded after import = 0
========================================================================
Received Import Request.
  Time since last request: 1.477457 seconds.
  path: Assets/Scenes/WrongAnswer 4.unity
  artifactKey: Guid(07f9dc8333382b7489505071553bbdba) Importer(815301076,1909f56bfc062723c751e8b465ee728b)
Start importing Assets/Scenes/WrongAnswer 4.unity using Guid(07f9dc8333382b7489505071553bbdba) Importer(815301076,1909f56bfc062723c751e8b465ee728b)  -> (artifact id: 'a0d9b9b6a0b66978829c69a335ffc50e') in 0.000726 seconds
Number of updated asset objects reloaded before import = 0
Number of asset objects unloaded after import = 0
========================================================================
Received Import Request.
  Time since last request: 51.426536 seconds.
  path: Assets/Scenes/WrongAnswer 5.unity
  artifactKey: Guid(d86dd790e032e13468553215fc05a8e5) Importer(815301076,1909f56bfc062723c751e8b465ee728b)
Start importing Assets/Scenes/WrongAnswer 5.unity using Guid(d86dd790e032e13468553215fc05a8e5) Importer(815301076,1909f56bfc062723c751e8b465ee728b)  -> (artifact id: '6cf8a5cb7864898c08c762254cbaa35e') in 0.000818 seconds
Number of updated asset objects reloaded before import = 0
Number of asset objects unloaded after import = 0
========================================================================
Received Import Request.
  Time since last request: 26.136149 seconds.
  path: Assets/Scenes/WrongAnswer 7.unity
  artifactKey: Guid(e01498b106a941845b71c2655a0d244a) Importer(815301076,1909f56bfc062723c751e8b465ee728b)
Start importing Assets/Scenes/WrongAnswer 7.unity using Guid(e01498b106a941845b71c2655a0d244a) Importer(815301076,1909f56bfc062723c751e8b465ee728b)  -> (artifact id: 'f8bc8b1e216af1f29601fde7969ab330') in 0.001079 seconds
Number of updated asset objects reloaded before import = 0
Number of asset objects unloaded after import = 0
========================================================================
Received Import Request.
  Time since last request: 22.142414 seconds.
  path: Assets/Scenes/WrongAnswer 8.unity
  artifactKey: Guid(9adb65460bb02fd459bf75ef27e3e23e) Importer(815301076,1909f56bfc062723c751e8b465ee728b)
Start importing Assets/Scenes/WrongAnswer 8.unity using Guid(9adb65460bb02fd459bf75ef27e3e23e) Importer(815301076,1909f56bfc062723c751e8b465ee728b)  -> (artifact id: '570bb36fba4cb92d87189a79fb12651f') in 0.000585 seconds
Number of updated asset objects reloaded before import = 0
Number of asset objects unloaded after import = 0
========================================================================
Received Import Request.
  Time since last request: 12.721901 seconds.
  path: Assets/Scenes/WrongAnswer 10.unity
  artifactKey: Guid(b13e284f7893a4e49be14bd30de49b7f) Importer(815301076,1909f56bfc062723c751e8b465ee728b)
Start importing Assets/Scenes/WrongAnswer 10.unity using Guid(b13e284f7893a4e49be14bd30de49b7f) Importer(815301076,1909f56bfc062723c751e8b465ee728b)  -> (artifact id: '06a1e3123875130c89b1616faa532e00') in 0.000690 seconds
Number of updated asset objects reloaded before import = 0
Number of asset objects unloaded after import = 0
========================================================================
Received Import Request.
  Time since last request: 23.609768 seconds.
  path: Assets/Scenes/WrongAnswer10.unity
  artifactKey: Guid(b13e284f7893a4e49be14bd30de49b7f) Importer(815301076,1909f56bfc062723c751e8b465ee728b)
Start importing Assets/Scenes/WrongAnswer10.unity using Guid(b13e284f7893a4e49be14bd30de49b7f) Importer(815301076,1909f56bfc062723c751e8b465ee728b)  -> (artifact id: '9aa01424e94eec19b262662fc2c21e9a') in 0.000973 seconds
Number of updated asset objects reloaded before import = 0
Number of asset objects unloaded after import = 0
========================================================================
Received Import Request.
  Time since last request: 5.701582 seconds.
  path: Assets/Scenes/WrongAnswer 10.unity
  artifactKey: Guid(3ea6bc42529f6964183a291e2c32c2d0) Importer(815301076,1909f56bfc062723c751e8b465ee728b)
Start importing Assets/Scenes/WrongAnswer 10.unity using Guid(3ea6bc42529f6964183a291e2c32c2d0) Importer(815301076,1909f56bfc062723c751e8b465ee728b)  -> (artifact id: '00a8700ca6e73967fccdbaddb46258e4') in 0.000558 seconds
Number of updated asset objects reloaded before import = 0
Number of asset objects unloaded after import = 0
========================================================================
Received Import Request.
  Time since last request: 18.309134 seconds.
  path: Assets/Scenes/WrongAnswer 11.unity
  artifactKey: Guid(fa476911a5cad9941971b234b2253977) Importer(815301076,1909f56bfc062723c751e8b465ee728b)
Start importing Assets/Scenes/WrongAnswer 11.unity using Guid(fa476911a5cad9941971b234b2253977) Importer(815301076,1909f56bfc062723c751e8b465ee728b)  -> (artifact id: '287959b120e2aaaa0a080c970ea31348') in 0.001230 seconds
Number of updated asset objects reloaded before import = 0
Number of asset objects unloaded after import = 0
========================================================================
Received Import Request.
  Time since last request: 24.862718 seconds.
  path: Assets/Scenes/WrongAnswer1.unity
  artifactKey: Guid(b1aac418b104be54db7345c8941fef7c) Importer(815301076,1909f56bfc062723c751e8b465ee728b)
Start importing Assets/Scenes/WrongAnswer1.unity using Guid(b1aac418b104be54db7345c8941fef7c) Importer(815301076,1909f56bfc062723c751e8b465ee728b)  -> (artifact id: '7db3fa9fb930d2cd1a9fa5495de1f66b') in 0.000719 seconds
Number of updated asset objects reloaded before import = 0
Number of asset objects unloaded after import = 0
========================================================================
Received Import Request.
  Time since last request: 8.945039 seconds.
  path: Assets/Scenes/WrongAnswer3.unity
  artifactKey: Guid(4439db1c3c006534d90d37aca584113d) Importer(815301076,1909f56bfc062723c751e8b465ee728b)
Start importing Assets/Scenes/WrongAnswer3.unity using Guid(4439db1c3c006534d90d37aca584113d) Importer(815301076,1909f56bfc062723c751e8b465ee728b)  -> (artifact id: '54cbc14a53fb577e78642380ddb9305e') in 0.000613 seconds
Number of updated asset objects reloaded before import = 0
Number of asset objects unloaded after import = 0
========================================================================
Received Import Request.
  Time since last request: 10.497151 seconds.
  path: Assets/Scenes/WrongAnswer5.unity
  artifactKey: Guid(d86dd790e032e13468553215fc05a8e5) Importer(815301076,1909f56bfc062723c751e8b465ee728b)
Start importing Assets/Scenes/WrongAnswer5.unity using Guid(d86dd790e032e13468553215fc05a8e5) Importer(815301076,1909f56bfc062723c751e8b465ee728b)  -> (artifact id: 'e3007947dfc0aab9785a48cd84e526a7') in 0.000596 seconds
Number of updated asset objects reloaded before import = 0
Number of asset objects unloaded after import = 0
========================================================================
Received Import Request.
  Time since last request: 9.331845 seconds.
  path: Assets/Scenes/WrongAnswer7.unity
  artifactKey: Guid(e01498b106a941845b71c2655a0d244a) Importer(815301076,1909f56bfc062723c751e8b465ee728b)
Start importing Assets/Scenes/WrongAnswer7.unity using Guid(e01498b106a941845b71c2655a0d244a) Importer(815301076,1909f56bfc062723c751e8b465ee728b)  -> (artifact id: 'fe43253324b6da31687544daaee4a80b') in 0.000660 seconds
Number of updated asset objects reloaded before import = 0
Number of asset objects unloaded after import = 0
========================================================================
Received Import Request.
  Time since last request: 9.134509 seconds.
  path: Assets/Scenes/WrongAnswer9.unity
  artifactKey: Guid(0e2d86ff457afa447a945628b7c4beab) Importer(815301076,1909f56bfc062723c751e8b465ee728b)
Start importing Assets/Scenes/WrongAnswer9.unity using Guid(0e2d86ff457afa447a945628b7c4beab) Importer(815301076,1909f56bfc062723c751e8b465ee728b)  -> (artifact id: '52ed7659482dc7e446db6a14cb9c15d7') in 0.000655 seconds
Number of updated asset objects reloaded before import = 0
Number of asset objects unloaded after import = 0
========================================================================
Received Import Request.
  Time since last request: 9.713466 seconds.
  path: Assets/Scenes/WrongAnswer11.unity
  artifactKey: Guid(fa476911a5cad9941971b234b2253977) Importer(815301076,1909f56bfc062723c751e8b465ee728b)
Start importing Assets/Scenes/WrongAnswer11.unity using Guid(fa476911a5cad9941971b234b2253977) Importer(815301076,1909f56bfc062723c751e8b465ee728b)  -> (artifact id: '6a8d8ac790c128ec59b47a3086d48dd9') in 0.000649 seconds
Number of updated asset objects reloaded before import = 0
Number of asset objects unloaded after import = 0
========================================================================
Received Import Request.
  Time since last request: 21.793917 seconds.
  path: Assets/Scenes/WrongAnswer2.unity
  artifactKey: Guid(2c42c34e6493a8c48b9cd97fbcb440e9) Importer(815301076,1909f56bfc062723c751e8b465ee728b)
Start importing Assets/Scenes/WrongAnswer2.unity using Guid(2c42c34e6493a8c48b9cd97fbcb440e9) Importer(815301076,1909f56bfc062723c751e8b465ee728b)  -> (artifact id: '46e673bfa3006a228c6063d27dff9b98') in 0.001395 seconds
Number of updated asset objects reloaded before import = 0
Number of asset objects unloaded after import = 0
========================================================================
Received Import Request.
  Time since last request: 8.551458 seconds.
  path: Assets/Scenes/WrongAnswer4.unity
  artifactKey: Guid(07f9dc8333382b7489505071553bbdba) Importer(815301076,1909f56bfc062723c751e8b465ee728b)
Start importing Assets/Scenes/WrongAnswer4.unity using Guid(07f9dc8333382b7489505071553bbdba) Importer(815301076,1909f56bfc062723c751e8b465ee728b)  -> (artifact id: 'd3f8d8b089bb3e43fcf8ab25010444a4') in 0.000911 seconds
Number of updated asset objects reloaded before import = 0
Number of asset objects unloaded after import = 0
========================================================================
Received Import Request.
  Time since last request: 7.624260 seconds.
  path: Assets/Scenes/WrongAnswer6.unity
  artifactKey: Guid(e4ecd46c8ecc5724bbad84c8ec01b37e) Importer(815301076,1909f56bfc062723c751e8b465ee728b)
Start importing Assets/Scenes/WrongAnswer6.unity using Guid(e4ecd46c8ecc5724bbad84c8ec01b37e) Importer(815301076,1909f56bfc062723c751e8b465ee728b)  -> (artifact id: 'f6147065fc59023862ed659423f865f1') in 0.001554 seconds
Number of updated asset objects reloaded before import = 0
Number of asset objects unloaded after import = 0
========================================================================
Received Import Request.
  Time since last request: 6.851193 seconds.
  path: Assets/Scenes/WrongAnswer8.unity
  artifactKey: Guid(9adb65460bb02fd459bf75ef27e3e23e) Importer(815301076,1909f56bfc062723c751e8b465ee728b)
Start importing Assets/Scenes/WrongAnswer8.unity using Guid(9adb65460bb02fd459bf75ef27e3e23e) Importer(815301076,1909f56bfc062723c751e8b465ee728b)  -> (artifact id: '10fd58267d335472dba8ca41cf15682d') in 0.000933 seconds
Number of updated asset objects reloaded before import = 0
Number of asset objects unloaded after import = 0
========================================================================
Received Import Request.
  Time since last request: 44.125463 seconds.
  path: Assets/Scenes/WrongAnswer12.unity
  artifactKey: Guid(fa476911a5cad9941971b234b2253977) Importer(815301076,1909f56bfc062723c751e8b465ee728b)
Start importing Assets/Scenes/WrongAnswer12.unity using Guid(fa476911a5cad9941971b234b2253977) Importer(815301076,1909f56bfc062723c751e8b465ee728b)  -> (artifact id: '91be6b5267b2d11ed5738f51bf1ed958') in 0.000672 seconds
Number of updated asset objects reloaded before import = 0
Number of asset objects unloaded after import = 0
========================================================================
Received Import Request.
  Time since last request: 21.741488 seconds.
  path: Assets/Scenes/WrongAnswer11.unity
  artifactKey: Guid(3ea6bc42529f6964183a291e2c32c2d0) Importer(815301076,1909f56bfc062723c751e8b465ee728b)
Start importing Assets/Scenes/WrongAnswer11.unity using Guid(3ea6bc42529f6964183a291e2c32c2d0) Importer(815301076,1909f56bfc062723c751e8b465ee728b)  -> (artifact id: 'e50c511400fc9565bf55bbacf01ce133') in 0.000541 seconds
Number of updated asset objects reloaded before import = 0
Number of asset objects unloaded after import = 0
========================================================================
Received Import Request.
  Time since last request: 25.697998 seconds.
  path: Assets/Scenes/WrongAnswer 1.unity
  artifactKey: Guid(eeebbbd8d7049774da0c72ca2ab668e1) Importer(815301076,1909f56bfc062723c751e8b465ee728b)
Start importing Assets/Scenes/WrongAnswer 1.unity using Guid(eeebbbd8d7049774da0c72ca2ab668e1) Importer(815301076,1909f56bfc062723c751e8b465ee728b)  -> (artifact id: '667b7336a5bbb439a7b5f22394740b36') in 0.001891 seconds
Number of updated asset objects reloaded before import = 0
Number of asset objects unloaded after import = 0
========================================================================
Received Import Request.
  Time since last request: 11.714237 seconds.
  path: Assets/Scenes/WrongAnswer14.unity
  artifactKey: Guid(eeebbbd8d7049774da0c72ca2ab668e1) Importer(815301076,1909f56bfc062723c751e8b465ee728b)
Start importing Assets/Scenes/WrongAnswer14.unity using Guid(eeebbbd8d7049774da0c72ca2ab668e1) Importer(815301076,1909f56bfc062723c751e8b465ee728b)  -> (artifact id: '337b7efde5cff0800140cf69f45e7b35') in 0.000779 seconds
Number of updated asset objects reloaded before import = 0
Number of asset objects unloaded after import = 0
========================================================================
Received Import Request.
  Time since last request: 4.159059 seconds.
  path: Assets/Scenes/WrongAnswer12.unity
  artifactKey: Guid(fa476911a5cad9941971b234b2253977) Importer(815301076,1909f56bfc062723c751e8b465ee728b)
Start importing Assets/Scenes/WrongAnswer12.unity using Guid(fa476911a5cad9941971b234b2253977) Importer(815301076,1909f56bfc062723c751e8b465ee728b)  -> (artifact id: '0d79a7b44320ecf60d941254d700dd8d') in 0.000683 seconds
Number of updated asset objects reloaded before import = 0
Number of asset objects unloaded after import = 0
========================================================================
Received Import Request.
  Time since last request: 9.956913 seconds.
  path: Assets/Scenes/WrongAnswer13.unity
  artifactKey: Guid(eeebbbd8d7049774da0c72ca2ab668e1) Importer(815301076,1909f56bfc062723c751e8b465ee728b)
Start importing Assets/Scenes/WrongAnswer13.unity using Guid(eeebbbd8d7049774da0c72ca2ab668e1) Importer(815301076,1909f56bfc062723c751e8b465ee728b)  -> (artifact id: '60e0509c0bb88d2da9e4b302b75952a3') in 0.000738 seconds
Number of updated asset objects reloaded before import = 0
Number of asset objects unloaded after import = 0
========================================================================
Received Import Request.
  Time since last request: 15.381458 seconds.
  path: Assets/Scenes/WrongAnswer 1.unity
  artifactKey: Guid(24762c091165fc14e8e9b0d1ec093f49) Importer(815301076,1909f56bfc062723c751e8b465ee728b)
Start importing Assets/Scenes/WrongAnswer 1.unity using Guid(24762c091165fc14e8e9b0d1ec093f49) Importer(815301076,1909f56bfc062723c751e8b465ee728b)  -> (artifact id: 'f517707998ff159ce8b848c13d4aec11') in 0.000601 seconds
Number of updated asset objects reloaded before import = 0
Number of asset objects unloaded after import = 0
========================================================================
Received Import Request.
  Time since last request: 9.603262 seconds.
  path: Assets/Scenes/WrongAnswer14.unity
  artifactKey: Guid(24762c091165fc14e8e9b0d1ec093f49) Importer(815301076,1909f56bfc062723c751e8b465ee728b)
Start importing Assets/Scenes/WrongAnswer14.unity using Guid(24762c091165fc14e8e9b0d1ec093f49) Importer(815301076,1909f56bfc062723c751e8b465ee728b)  -> (artifact id: '5048635f4bf88a17e6ce862fe12291fc') in 0.000761 seconds
Number of updated asset objects reloaded before import = 0
Number of asset objects unloaded after import = 0
========================================================================
Received Import Request.
  Time since last request: 16.644962 seconds.
  path: Assets/Scenes/WrongAnswer13.unity
  artifactKey: Guid(eeebbbd8d7049774da0c72ca2ab668e1) Importer(815301076,1909f56bfc062723c751e8b465ee728b)
Start importing Assets/Scenes/WrongAnswer13.unity using Guid(eeebbbd8d7049774da0c72ca2ab668e1) Importer(815301076,1909f56bfc062723c751e8b465ee728b)  -> (artifact id: '7b7cdbbeddc640ecc3fd7ecc066f7e1d') in 0.001016 seconds
Number of updated asset objects reloaded before import = 0
Number of asset objects unloaded after import = 0
========================================================================
Received Import Request.
  Time since last request: 31.705348 seconds.
  path: Assets/Scenes/WrongAnswer 1.unity
  artifactKey: Guid(cc11344c4afa6874599b34e634609aa9) Importer(815301076,1909f56bfc062723c751e8b465ee728b)
Start importing Assets/Scenes/WrongAnswer 1.unity using Guid(cc11344c4afa6874599b34e634609aa9) Importer(815301076,1909f56bfc062723c751e8b465ee728b)  -> (artifact id: '5e82cb75f962def9c88a03a18f3d16f7') in 0.000673 seconds
Number of updated asset objects reloaded before import = 0
Number of asset objects unloaded after import = 0
========================================================================
Received Import Request.
  Time since last request: 10.928588 seconds.
  path: Assets/Scenes/WrongAnswer15.unity
  artifactKey: Guid(cc11344c4afa6874599b34e634609aa9) Importer(815301076,1909f56bfc062723c751e8b465ee728b)
Start importing Assets/Scenes/WrongAnswer15.unity using Guid(cc11344c4afa6874599b34e634609aa9) Importer(815301076,1909f56bfc062723c751e8b465ee728b)  -> (artifact id: 'f826cbc47961d73a88639ad5cbed71a0') in 0.000785 seconds
Number of updated asset objects reloaded before import = 0
Number of asset objects unloaded after import = 0
========================================================================
Received Import Request.
  Time since last request: 22.107787 seconds.
  path: Assets/Scenes/WrongAnswer 1.unity
  artifactKey: Guid(494fbad34183d6c4b8b9b36198e208ad) Importer(815301076,1909f56bfc062723c751e8b465ee728b)
Start importing Assets/Scenes/WrongAnswer 1.unity using Guid(494fbad34183d6c4b8b9b36198e208ad) Importer(815301076,1909f56bfc062723c751e8b465ee728b)  -> (artifact id: 'f17ef63ccb019e2b96c2c8c97657ea5c') in 0.000787 seconds
Number of updated asset objects reloaded before import = 0
Number of asset objects unloaded after import = 0
========================================================================
Received Import Request.
  Time since last request: 9.352904 seconds.
  path: Assets/Scenes/WrongAnswer16.unity
  artifactKey: Guid(494fbad34183d6c4b8b9b36198e208ad) Importer(815301076,1909f56bfc062723c751e8b465ee728b)
Start importing Assets/Scenes/WrongAnswer16.unity using Guid(494fbad34183d6c4b8b9b36198e208ad) Importer(815301076,1909f56bfc062723c751e8b465ee728b)  -> (artifact id: '76989dda88a7362f00071bb6703c9f21') in 0.000713 seconds
Number of updated asset objects reloaded before import = 0
Number of asset objects unloaded after import = 0
========================================================================
Received Import Request.
  Time since last request: 14.099445 seconds.
  path: Assets/Scenes/WrongAnswer 1.unity
  artifactKey: Guid(b7a8a84b5974aec4ebf4dc6cc5dbcc1b) Importer(815301076,1909f56bfc062723c751e8b465ee728b)
Start importing Assets/Scenes/WrongAnswer 1.unity using Guid(b7a8a84b5974aec4ebf4dc6cc5dbcc1b) Importer(815301076,1909f56bfc062723c751e8b465ee728b)  -> (artifact id: '1b7bef0105dfa7a5e99f509ecb0297e3') in 0.000812 seconds
Number of updated asset objects reloaded before import = 0
Number of asset objects unloaded after import = 0
========================================================================
Received Import Request.
  Time since last request: 9.387610 seconds.
  path: Assets/Scenes/WrongAnswer17.unity
  artifactKey: Guid(b7a8a84b5974aec4ebf4dc6cc5dbcc1b) Importer(815301076,1909f56bfc062723c751e8b465ee728b)
Start importing Assets/Scenes/WrongAnswer17.unity using Guid(b7a8a84b5974aec4ebf4dc6cc5dbcc1b) Importer(815301076,1909f56bfc062723c751e8b465ee728b)  -> (artifact id: 'dfac2b6b887300a4fd7b94db58a77a5d') in 0.000558 seconds
Number of updated asset objects reloaded before import = 0
Number of asset objects unloaded after import = 0
========================================================================
Received Import Request.
  Time since last request: 19.159216 seconds.
  path: Assets/Scenes/WrongAnswer 1.unity
  artifactKey: Guid(02255c4b0af21fc41b93873d0c03aee4) Importer(815301076,1909f56bfc062723c751e8b465ee728b)
Start importing Assets/Scenes/WrongAnswer 1.unity using Guid(02255c4b0af21fc41b93873d0c03aee4) Importer(815301076,1909f56bfc062723c751e8b465ee728b)  -> (artifact id: '2b468ccaf109abb975c875ee33a1550f') in 0.000579 seconds
Number of updated asset objects reloaded before import = 0
Number of asset objects unloaded after import = 0
========================================================================
Received Import Request.
  Time since last request: 9.380358 seconds.
  path: Assets/Scenes/WrongAnswer18.unity
  artifactKey: Guid(02255c4b0af21fc41b93873d0c03aee4) Importer(815301076,1909f56bfc062723c751e8b465ee728b)
Start importing Assets/Scenes/WrongAnswer18.unity using Guid(02255c4b0af21fc41b93873d0c03aee4) Importer(815301076,1909f56bfc062723c751e8b465ee728b)  -> (artifact id: '8e3a4d9b5acf3b5ea391ec0a9bade6c7') in 0.000889 seconds
Number of updated asset objects reloaded before import = 0
Number of asset objects unloaded after import = 0
========================================================================
Received Import Request.
  Time since last request: 14.956868 seconds.
  path: Assets/Scenes/WrongAnswer 1.unity
  artifactKey: Guid(c358d4dfc9bc5744fb0cab77799604bd) Importer(815301076,1909f56bfc062723c751e8b465ee728b)
Start importing Assets/Scenes/WrongAnswer 1.unity using Guid(c358d4dfc9bc5744fb0cab77799604bd) Importer(815301076,1909f56bfc062723c751e8b465ee728b)  -> (artifact id: '36f46e754a10079721726f0d6b546e85') in 0.001038 seconds
Number of updated asset objects reloaded before import = 0
Number of asset objects unloaded after import = 0
========================================================================
Received Import Request.
  Time since last request: 8.190127 seconds.
  path: Assets/Scenes/WrongAnswer20.unity
  artifactKey: Guid(c358d4dfc9bc5744fb0cab77799604bd) Importer(815301076,1909f56bfc062723c751e8b465ee728b)
Start importing Assets/Scenes/WrongAnswer20.unity using Guid(c358d4dfc9bc5744fb0cab77799604bd) Importer(815301076,1909f56bfc062723c751e8b465ee728b)  -> (artifact id: '16687f777ec55a572927897c228054fe') in 0.000799 seconds
Number of updated asset objects reloaded before import = 0
Number of asset objects unloaded after import = 0
========================================================================
Received Import Request.
  Time since last request: 22.787593 seconds.
  path: Assets/Scenes/WrongAnswer18.unity
  artifactKey: Guid(02255c4b0af21fc41b93873d0c03aee4) Importer(815301076,1909f56bfc062723c751e8b465ee728b)
Start importing Assets/Scenes/WrongAnswer18.unity using Guid(02255c4b0af21fc41b93873d0c03aee4) Importer(815301076,1909f56bfc062723c751e8b465ee728b)  -> (artifact id: '6b2c0119bfc9f7e40146e06fb4d2b849') in 0.000604 seconds
Number of updated asset objects reloaded before import = 0
Number of asset objects unloaded after import = 0
========================================================================
Received Import Request.
  Time since last request: 4.141656 seconds.
  path: Assets/Scenes/WrongAnswer 1.unity
  artifactKey: Guid(2cb77af3c458e344fab7a80377d0febc) Importer(815301076,1909f56bfc062723c751e8b465ee728b)
Start importing Assets/Scenes/WrongAnswer 1.unity using Guid(2cb77af3c458e344fab7a80377d0febc) Importer(815301076,1909f56bfc062723c751e8b465ee728b)  -> (artifact id: 'fbd2f6e110d97f0eca646204314f8d2c') in 0.000823 seconds
Number of updated asset objects reloaded before import = 0
Number of asset objects unloaded after import = 0
========================================================================
Received Import Request.
  Time since last request: 10.224989 seconds.
  path: Assets/Scenes/WrongAnswer19.unity
  artifactKey: Guid(2cb77af3c458e344fab7a80377d0febc) Importer(815301076,1909f56bfc062723c751e8b465ee728b)
Start importing Assets/Scenes/WrongAnswer19.unity using Guid(2cb77af3c458e344fab7a80377d0febc) Importer(815301076,1909f56bfc062723c751e8b465ee728b)  -> (artifact id: '1ae03d1311f77ad895efc6d90d7eba39') in 0.000701 seconds
Number of updated asset objects reloaded before import = 0
Number of asset objects unloaded after import = 0
========================================================================
Received Prepare
Begin MonoManager ReloadAssembly
- Loaded All Assemblies, in  4.353 seconds
Refreshing native plugins compatible for Editor in 8.58 ms, found 4 plugins.
Native extension for WindowsStandalone target not found
Native extension for WebGL target not found
[Package Manager] Server::EnsureServerProcessIsRunning -- launch failed, reason: Unity was launched with the -noUpm command-line argument
[Package Manager] UpmClient::Send -- Unable to send message (not connected to UPM process).
[Package Manager] Cannot connect to Unity Package Manager local server
Mono: successfully reloaded assembly
- Finished resetting the current domain, in 27.769 seconds
Domain Reload Profiling: 32118ms
	BeginReloadAssembly (404ms)
		ExecutionOrderSort (0ms)
		DisableScriptedObjects (48ms)
		BackupInstance (0ms)
		ReleaseScriptingObjects (0ms)
		CreateAndSetChildDomain (86ms)
	RebuildCommonClasses (276ms)
	RebuildNativeTypeToScriptingClass (20ms)
	initialDomainReloadingComplete (52ms)
	LoadAllAssembliesAndSetupDomain (3596ms)
		LoadAssemblies (3747ms)
		RebuildTransferFunctionScriptingTraits (0ms)
		AnalyzeDomain (60ms)
			TypeCache.Refresh (20ms)
				TypeCache.ScanAssembly (0ms)
			ScanForSourceGeneratedMonoScriptInfo (28ms)
			ResolveRequiredComponents (10ms)
	FinalizeReload (27770ms)
		ReleaseScriptCaches (0ms)
		RebuildScriptCaches (0ms)
		SetupLoadedEditorAssemblies (980ms)
			LogAssemblyErrors (0ms)
			InitializePlatformSupportModulesInManaged (21ms)
			SetLoadedEditorAssemblies (10ms)
			RefreshPlugins (0ms)
			BeforeProcessingInitializeOnLoad (189ms)
			ProcessInitializeOnLoadAttributes (647ms)
			ProcessInitializeOnLoadMethodAttributes (103ms)
			AfterProcessingInitializeOnLoad (11ms)
			EditorAssembliesLoaded (1ms)
		ExecutionOrderSort2 (0ms)
		AwakeInstancesAfterBackupRestoration (42ms)
Refreshing native plugins compatible for Editor in 9.30 ms, found 4 plugins.
Preloading 0 native plugins for Editor in 0.00 ms.
Unloading 4050 Unused Serialized files (Serialized files now loaded: 0)
Unloading 42 unused Assets / (216.9 KB). Loaded Objects now: 4560.
Memory consumption went from 160.4 MB to 160.2 MB.
Total: 5.200900 ms (FindLiveObjects: 0.451100 ms CreateObjectMapping: 0.234200 ms MarkObjects: 4.228600 ms  DeleteObjects: 0.285300 ms)

Prepare: number of updated asset objects reloaded= 0
AssetImportParameters requested are different than current active one (requested -> active):
  custom:container-demuxer-ogg: 62fdf1f143b41e24485cea50d1cbac27 -> 
  custom:video-decoder-ogg-theora: a1e56fd34408186e4bbccfd4996cb3dc -> 
  custom:framework-win-MediaFoundation: 216162199b28c13a410421893ffa2e32 -> 
  custom:CustomObjectIndexerAttribute: 43b350a4d6e6d1791af0b5038c4bea17 -> 
  custom:container-demuxer-webm: 4f35f7cbe854078d1ac9338744f61a02 -> 
  custom:container-muxer-webm: aa71ff27fc2769a1b78a27578f13a17b -> 
  custom:video-decoder-webm-vp8: 9c59270c3fd7afecdb556c50c9e8de78 -> 
  custom:SearchIndexIgnoredProperties: e643bd26f0fe6173181afceb89e7c659 -> 
  custom:AudioImporter_EditorPlatform: d09bf68614088b80899f8185d706f6e7 -> 
  custom:video-encoder-webm-vp8: eb34c28f22e8b96e1ab97ce403110664 -> 
  custom:audio-decoder-ogg-vorbis: bf7c407c2cedff20999df2af8eb42d56 -> 
  custom:audio-encoder-webm-vorbis: bf7c407c2cedff20999df2af8eb42d56 -> 
========================================================================
Received Prepare
Begin MonoManager ReloadAssembly
- Loaded All Assemblies, in  0.949 seconds
Refreshing native plugins compatible for Editor in 6.59 ms, found 4 plugins.
Native extension for WindowsStandalone target not found
Native extension for WebGL target not found
[Package Manager] Server::EnsureServerProcessIsRunning -- launch failed, reason: Unity was launched with the -noUpm command-line argument
[Package Manager] UpmClient::Send -- Unable to send message (not connected to UPM process).
[Package Manager] Cannot connect to Unity Package Manager local server
Mono: successfully reloaded assembly
- Finished resetting the current domain, in  2.371 seconds
Domain Reload Profiling: 3317ms
	BeginReloadAssembly (331ms)
		ExecutionOrderSort (0ms)
		DisableScriptedObjects (16ms)
		BackupInstance (0ms)
		ReleaseScriptingObjects (0ms)
		CreateAndSetChildDomain (67ms)
	RebuildCommonClasses (98ms)
	RebuildNativeTypeToScriptingClass (23ms)
	initialDomainReloadingComplete (41ms)
	LoadAllAssembliesAndSetupDomain (453ms)
		LoadAssemblies (641ms)
		RebuildTransferFunctionScriptingTraits (0ms)
		AnalyzeDomain (20ms)
			TypeCache.Refresh (9ms)
				TypeCache.ScanAssembly (0ms)
			ScanForSourceGeneratedMonoScriptInfo (1ms)
			ResolveRequiredComponents (9ms)
	FinalizeReload (2371ms)
		ReleaseScriptCaches (0ms)
		RebuildScriptCaches (0ms)
		SetupLoadedEditorAssemblies (1214ms)
			LogAssemblyErrors (0ms)
			InitializePlatformSupportModulesInManaged (13ms)
			SetLoadedEditorAssemblies (8ms)
			RefreshPlugins (0ms)
			BeforeProcessingInitializeOnLoad (186ms)
			ProcessInitializeOnLoadAttributes (901ms)
			ProcessInitializeOnLoadMethodAttributes (99ms)
			AfterProcessingInitializeOnLoad (6ms)
			EditorAssembliesLoaded (0ms)
		ExecutionOrderSort2 (0ms)
		AwakeInstancesAfterBackupRestoration (21ms)
Refreshing native plugins compatible for Editor in 7.44 ms, found 4 plugins.
Preloading 0 native plugins for Editor in 0.00 ms.
Unloading 4051 Unused Serialized files (Serialized files now loaded: 0)
Unloading 42 unused Assets / (217.0 KB). Loaded Objects now: 4564.
Memory consumption went from 162.6 MB to 162.4 MB.
Total: 5.145600 ms (FindLiveObjects: 0.319700 ms CreateObjectMapping: 0.158000 ms MarkObjects: 4.411000 ms  DeleteObjects: 0.255700 ms)

Prepare: number of updated asset objects reloaded= 0
AssetImportParameters requested are different than current active one (requested -> active):
  custom:container-demuxer-ogg: 62fdf1f143b41e24485cea50d1cbac27 -> 
  custom:video-decoder-ogg-theora: a1e56fd34408186e4bbccfd4996cb3dc -> 
  custom:framework-win-MediaFoundation: 216162199b28c13a410421893ffa2e32 -> 
  custom:CustomObjectIndexerAttribute: 43b350a4d6e6d1791af0b5038c4bea17 -> 
  custom:container-demuxer-webm: 4f35f7cbe854078d1ac9338744f61a02 -> 
  custom:container-muxer-webm: aa71ff27fc2769a1b78a27578f13a17b -> 
  custom:video-decoder-webm-vp8: 9c59270c3fd7afecdb556c50c9e8de78 -> 
  custom:SearchIndexIgnoredProperties: e643bd26f0fe6173181afceb89e7c659 -> 
  custom:AudioImporter_EditorPlatform: d09bf68614088b80899f8185d706f6e7 -> 
  custom:video-encoder-webm-vp8: eb34c28f22e8b96e1ab97ce403110664 -> 
  custom:audio-decoder-ogg-vorbis: bf7c407c2cedff20999df2af8eb42d56 -> 
  custom:audio-encoder-webm-vorbis: bf7c407c2cedff20999df2af8eb42d56 -> 
========================================================================
Received Import Request.
  Time since last request: 354.314027 seconds.
  path: Assets/Sprite/icon.jpg
  artifactKey: Guid(99201729d60b7bf4091f6d4095626000) Importer(815301076,1909f56bfc062723c751e8b465ee728b)
Start importing Assets/Sprite/icon.jpg using Guid(99201729d60b7bf4091f6d4095626000) Importer(815301076,1909f56bfc062723c751e8b465ee728b)  -> (artifact id: '999b8d25aa5c784ece00379a2c9ccceb') in 0.302020 seconds
Number of updated asset objects reloaded before import = 0
Number of asset objects unloaded after import = 3
========================================================================
Received Import Request.
  Time since last request: 78.120076 seconds.
  path: Assets/Sprite/icon.jpg
  artifactKey: Guid(99201729d60b7bf4091f6d4095626000) Importer(815301076,1909f56bfc062723c751e8b465ee728b)
Start importing Assets/Sprite/icon.jpg using Guid(99201729d60b7bf4091f6d4095626000) Importer(815301076,1909f56bfc062723c751e8b465ee728b)  -> (artifact id: 'b443da2763010a24d69f2a50f0f46fbe') in 0.042832 seconds
Number of updated asset objects reloaded before import = 0
Number of asset objects unloaded after import = 3
========================================================================
Received Prepare
Refreshing native plugins compatible for Editor in 8.22 ms, found 4 plugins.
Preloading 0 native plugins for Editor in 0.00 ms.
Unloading 6 Unused Serialized files (Serialized files now loaded: 0)
Unloading 7 unused Assets / (195.6 KB). Loaded Objects now: 4573.
Memory consumption went from 104.6 MB to 104.4 MB.
Total: 6.273800 ms (FindLiveObjects: 0.493200 ms CreateObjectMapping: 0.348000 ms MarkObjects: 5.213700 ms  DeleteObjects: 0.217300 ms)

Prepare: number of updated asset objects reloaded= 0
AssetImportParameters requested are different than current active one (requested -> active):
  custom:container-demuxer-ogg: 62fdf1f143b41e24485cea50d1cbac27 -> 
  custom:video-decoder-ogg-theora: a1e56fd34408186e4bbccfd4996cb3dc -> 
  custom:framework-win-MediaFoundation: 216162199b28c13a410421893ffa2e32 -> 
  custom:CustomObjectIndexerAttribute: 43b350a4d6e6d1791af0b5038c4bea17 -> 
  custom:container-demuxer-webm: 4f35f7cbe854078d1ac9338744f61a02 -> 
  custom:container-muxer-webm: aa71ff27fc2769a1b78a27578f13a17b -> 
  custom:video-decoder-webm-vp8: 9c59270c3fd7afecdb556c50c9e8de78 -> 
  custom:SearchIndexIgnoredProperties: e643bd26f0fe6173181afceb89e7c659 -> 
  custom:AudioImporter_EditorPlatform: d09bf68614088b80899f8185d706f6e7 -> 
  custom:video-encoder-webm-vp8: eb34c28f22e8b96e1ab97ce403110664 -> 
  custom:audio-decoder-ogg-vorbis: bf7c407c2cedff20999df2af8eb42d56 -> 
  custom:audio-encoder-webm-vorbis: bf7c407c2cedff20999df2af8eb42d56 -> 
